#
# A fatal error has been detected by the Java Runtime Environment:
#
#  SIGSEGV (0xb) at pc=0x00007fce74e7a607, pid=612808, tid=612820
#
# JRE version: OpenJDK Runtime Environment (16.0) (fastdebug build 16-internal+0-adhoc.wax.jdk)
# Java VM: OpenJDK 64-Bit Server VM (fastdebug 16-internal+0-adhoc.wax.jdk, mixed mode, tiered, compressed oops, g1 gc, linux-amd64)
# Problematic frame:
# V  [libjvm.so+0x14b6607]  polynomial_reduction_analyze(IdealLoopTree*)+0x887
#
# Core dump will be written. Default location: Core dumps may be processed with "/usr/share/apport/apport %p %s %c %d %P %E" (or dumping to /home/wax/workbench/jdk/make/core.612808)
#
# If you would like to submit a bug report, please visit:
#   https://bugreport.java.com/bugreport/crash.jsp
#

---------------  S U M M A R Y ------------

Command Line: -Dapplication.home=/home/wax/workbench/jdk/build/linux-x86_64-server-fastdebug/jdk --add-modules=ALL-DEFAULT -Xms8m -Djlink.debug=true -Djdk.module.main=jdk.jlink jdk.jlink/jdk.tools.jlink.internal.Main --module-path /home/wax/workbench/jdk/build/linux-x86_64-server-fastdebug/support/interim-jmods --endian little --output /home/wax/workbench/jdk/build/linux-x86_64-server-fastdebug/support/interim-image --disable-plugin generate-jli-classes --add-modules java.base,java.logging

Host: tesla, AMD Ryzen 9 3900X 12-Core Processor, 24 cores, 31G, Pop!_OS 20.04 LTS
Time: Tue Jun 30 15:40:10 2020 CEST elapsed time: 0.143614 seconds (0d 0h 0m 0s)

---------------  T H R E A D  ---------------

Current thread (0x00007fce6c2e0570):  JavaThread "C2 CompilerThread0" daemon [_thread_in_native, id=612820, stack(0x00007fce3c164000,0x00007fce3c265000)]


Current CompileTask:
C2:    143  101       4       java.lang.StringLatin1::hashCode (42 bytes)

Stack: [0x00007fce3c164000,0x00007fce3c265000],  sp=0x00007fce3c25f610,  free space=1005k
Native frames: (J=compiled Java code, A=aot compiled Java code, j=interpreted, Vv=VM code, C=native code)
V  [libjvm.so+0x14b6607]  polynomial_reduction_analyze(IdealLoopTree*)+0x887
V  [libjvm.so+0x11cf570]  PhaseIdealLoop::build_and_optimize(LoopOptsMode)+0xe20
V  [libjvm.so+0x93b8c6]  PhaseIdealLoop::optimize(PhaseIterGVN&, LoopOptsMode)+0x326
V  [libjvm.so+0x938627]  Compile::Optimize()+0x557
V  [libjvm.so+0x93a9a3]  Compile::Compile(ciEnv*, ciMethod*, int, bool, bool, bool, DirectiveSet*)+0x15c3
V  [libjvm.so+0x7868e9]  C2Compiler::compile_method(ciEnv*, ciMethod*, int, DirectiveSet*)+0x179
V  [libjvm.so+0x948070]  CompileBroker::invoke_compiler_on_method(CompileTask*)+0xc00
V  [libjvm.so+0x948c50]  CompileBroker::compiler_thread_loop()+0x620
V  [libjvm.so+0x183bd9c]  JavaThread::thread_main_inner()+0x21c
V  [libjvm.so+0x1841974]  Thread::call_run()+0x104
V  [libjvm.so+0x14253ce]  thread_native_entry(Thread*)+0x11e


siginfo: si_signo: 11 (SIGSEGV), si_code: 1 (SEGV_MAPERR), si_addr: 0x0000000000000028

Register to memory mapping:

RAX=0x0 is NULL
RBX=0x00007fce180909e8 points into unknown readable memory: 0x00007fce75881400 | 00 14 88 75 ce 7f 00 00
RCX=0x0 is NULL
RDX=0x00007fce3c25f650 is pointing into the stack for thread: 0x00007fce6c2e0570
RSP=0x00007fce3c25f610 is pointing into the stack for thread: 0x00007fce6c2e0570
RBP=0x00007fce3c25f740 is pointing into the stack for thread: 0x00007fce6c2e0570
RSI=0x00007fce18093ed0 points into unknown readable memory: 0x00007fce758aa520 | 20 a5 8a 75 ce 7f 00 00
RDI=0x00007fce3c25f6d0 is pointing into the stack for thread: 0x00007fce6c2e0570
R8 =0x0 is NULL
R9 =0x0 is NULL
R10=0x00007fce3c25f650 is pointing into the stack for thread: 0x00007fce6c2e0570
R11=0x0 is NULL
R12=0x00007fce758aa520: <offset 0x0000000001ee6520> in /home/wax/workbench/jdk/build/linux-x86_64-server-fastdebug/jdk/lib/server/libjvm.so at 0x00007fce739c4000
R13=0x00007fce3c25f6d0 is pointing into the stack for thread: 0x00007fce6c2e0570
R14=0x00007fce3c25f650 is pointing into the stack for thread: 0x00007fce6c2e0570
R15=0x00007fce6c000b80 points into unknown readable memory: 0x00007fce758a99d8 | d8 99 8a 75 ce 7f 00 00


Registers:
RAX=0x0000000000000000, RBX=0x00007fce180909e8, RCX=0x0000000000000000, RDX=0x00007fce3c25f650
RSP=0x00007fce3c25f610, RBP=0x00007fce3c25f740, RSI=0x00007fce18093ed0, RDI=0x00007fce3c25f6d0
R8 =0x0000000000000000, R9 =0x0000000000000000, R10=0x00007fce3c25f650, R11=0x0000000000000000
R12=0x00007fce758aa520, R13=0x00007fce3c25f6d0, R14=0x00007fce3c25f650, R15=0x00007fce6c000b80
RIP=0x00007fce74e7a607, EFLAGS=0x0000000000010202, CSGSFS=0x002b000000000033, ERR=0x0000000000000004
  TRAPNO=0x000000000000000e

Top of Stack: (sp=0x00007fce3c25f610)
0x00007fce3c25f610:   2bad4b0bbaadbabe 0000000000000000
0x00007fce3c25f620:   0000000000000004 00007fce18093ed0
0x00007fce3c25f630:   00007fce758aa560 00007fce3c25f650
0x00007fce3c25f640:   00007fce00000000 2bad4b0bbaadbabe 

Instructions: (pc=0x00007fce74e7a607)
0x00007fce74e7a507:   ab fa ff ff 48 8d 05 ce 29 b1 00 48 8d 35 c1 5a
0x00007fce74e7a517:   5e 00 4c 8d 6d 90 4c 8d 25 fc ff a2 00 48 8b 38
0x00007fce74e7a527:   31 c0 e8 62 1c f8 ff 48 8d bd f0 fe ff ff 31 d2
0x00007fce74e7a537:   4c 89 f6 e8 01 09 00 00 e9 da 01 00 00 0f 1f 40
0x00007fce74e7a547:   00 48 8d 05 91 29 b1 00 4c 8b 8d f8 fe ff ff 4c
0x00007fce74e7a557:   8b 38 45 85 c0 78 06 45 3b 41 18 7c 4f 48 8d 05
0x00007fce74e7a567:   7d f8 a3 00 48 8d 0d 00 dd 57 00 48 8d 15 df f4
0x00007fce74e7a577:   57 00 be ec 00 00 00 48 8d 3d eb 97 57 00 44 89
0x00007fce74e7a587:   85 e0 fe ff ff 48 8b 00 4c 89 8d e8 fe ff ff c6
0x00007fce74e7a597:   00 58 31 c0 e8 60 c6 4e ff e8 cb 3b f6 ff 4c 63
0x00007fce74e7a5a7:   85 e0 fe ff ff 4c 8b 8d e8 fe ff ff 49 8b 51 30
0x00007fce74e7a5b7:   4a 8d 04 c5 00 00 00 00 4c 89 ef 4c 29 c0 48 8d
0x00007fce74e7a5c7:   04 c2 48 89 c6 48 89 85 e8 fe ff ff e8 a8 88 05
0x00007fce74e7a5d7:   ff 48 8b 85 e8 fe ff ff 4c 89 65 90 4c 63 8d 00
0x00007fce74e7a5e7:   ff ff ff 4c 8b 95 f8 fe ff ff f3 0f 6f 48 18 f3
0x00007fce74e7a5f7:   0f 6f 40 28 48 8b 40 30 0f 11 4d a8 0f 11 45 b8
0x00007fce74e7a607:   44 8b 40 28 45 85 c9 78 06 45 3b 4a 18 7c 5d 48
0x00007fce74e7a617:   8d 05 cb f7 a3 00 48 8d 0d 4e dc 57 00 48 8d 15
0x00007fce74e7a627:   2d f4 57 00 be ec 00 00 00 48 8d 3d 39 97 57 00
0x00007fce74e7a637:   44 89 8d dc fe ff ff 48 8b 00 4c 89 95 e0 fe ff
0x00007fce74e7a647:   ff 44 89 85 e8 fe ff ff c6 00 58 31 c0 e8 a7 c5
0x00007fce74e7a657:   4e ff e8 12 3b f6 ff 4c 63 8d dc fe ff ff 4c 8b
0x00007fce74e7a667:   95 e0 fe ff ff 44 8b 85 e8 fe ff ff 49 8b 52 30
0x00007fce74e7a677:   4a 8d 04 cd 00 00 00 00 44 89 85 dc fe ff ff 4c
0x00007fce74e7a687:   29 c8 4c 8d 8d 50 ff ff ff 48 8d 04 c2 4c 89 cf
0x00007fce74e7a697:   4c 89 8d e8 fe ff ff 48 89 c6 48 89 85 e0 fe ff
0x00007fce74e7a6a7:   ff e8 d3 87 05 ff 48 8b 85 e0 fe ff ff 44 8b 85
0x00007fce74e7a6b7:   dc fe ff ff 48 8d 35 b6 2e 6e 00 4c 89 ff 4c 89
0x00007fce74e7a6c7:   a5 50 ff ff ff 48 8b 50 28 f3 0f 6f 50 28 f3 0f
0x00007fce74e7a6d7:   6f 40 18 31 c0 0f 11 95 78 ff ff ff 8b 4a 28 8b
0x00007fce74e7a6e7:   53 28 0f 11 85 68 ff ff ff e8 9b 1a f8 ff 4c 8b
0x00007fce74e7a6f7:   8d e8 fe ff ff 4c 89 a5 50 ff ff ff 4c 89 cf e8 


Stack slot to memory mapping:
stack at sp + 0 slots: 0x2bad4b0bbaadbabe is an unknown value
stack at sp + 1 slots: 0x0 is NULL
stack at sp + 2 slots: 0x0000000000000004 is an unknown value
stack at sp + 3 slots: 0x00007fce18093ed0 points into unknown readable memory: 0x00007fce758aa520 | 20 a5 8a 75 ce 7f 00 00
stack at sp + 4 slots: 0x00007fce758aa560: <offset 0x0000000001ee6560> in /home/wax/workbench/jdk/build/linux-x86_64-server-fastdebug/jdk/lib/server/libjvm.so at 0x00007fce739c4000
stack at sp + 5 slots: 0x00007fce3c25f650 is pointing into the stack for thread: 0x00007fce6c2e0570
stack at sp + 6 slots: 0x00007fce00000000 points into unknown readable memory: 0x00007fce00000020 | 20 00 00 00 ce 7f 00 00
stack at sp + 7 slots: 0x2bad4b0bbaadbabe is an unknown value


---------------  P R O C E S S  ---------------

uid  : 1000 euid : 1000 gid  : 1000 egid : 1000

umask: 0002 (-------w-)

Threads class SMR info:
_java_thread_list=0x00007fce1c06ead0, length=12, elements={
0x00007fce6c0321f0, 0x00007fce6c292620, 0x00007fce6c294540, 0x00007fce6c2dc540,
0x00007fce6c2de1b0, 0x00007fce6c2e0570, 0x00007fce6c2e2330, 0x00007fce6c2faed0,
0x00007fce6c3694f0, 0x00007fce1c068f00, 0x00007fce1c06a900, 0x00007fce1c06d300
}
_java_thread_list_alloc_cnt=13, _java_thread_list_free_cnt=11, _java_thread_list_max=12, _nested_thread_list_max=0
_tlh_cnt=40, _tlh_times=0, avg_tlh_time=0.00, _tlh_time_max=0
_delete_lock_wait_cnt=0, _delete_lock_wait_max=0
_to_delete_list_cnt=0, _to_delete_list_max=1

Java Threads: ( => current thread )
  0x00007fce6c0321f0 JavaThread "main" [_thread_in_vm, id=612809, stack(0x00007fce73774000,0x00007fce73875000)]
  0x00007fce6c292620 JavaThread "Reference Handler" daemon [_thread_blocked, id=612816, stack(0x00007fce3c568000,0x00007fce3c669000)]
  0x00007fce6c294540 JavaThread "Finalizer" daemon [_thread_blocked, id=612817, stack(0x00007fce3c467000,0x00007fce3c568000)]
  0x00007fce6c2dc540 JavaThread "Signal Dispatcher" daemon [_thread_blocked, id=612818, stack(0x00007fce3c366000,0x00007fce3c467000)]
  0x00007fce6c2de1b0 JavaThread "Service Thread" daemon [_thread_blocked, id=612819, stack(0x00007fce3c265000,0x00007fce3c366000)]
=>0x00007fce6c2e0570 JavaThread "C2 CompilerThread0" daemon [_thread_in_native, id=612820, stack(0x00007fce3c164000,0x00007fce3c265000)]
  0x00007fce6c2e2330 JavaThread "C1 CompilerThread0" daemon [_thread_in_native, id=612821, stack(0x00007fce3c063000,0x00007fce3c164000)]
  0x00007fce6c2faed0 JavaThread "Sweeper thread" daemon [_thread_blocked, id=612822, stack(0x00007fce17eff000,0x00007fce18000000)]
  0x00007fce6c3694f0 JavaThread "Common-Cleaner" daemon [_thread_blocked, id=612823, stack(0x00007fce17dfe000,0x00007fce17eff000)]
  0x00007fce1c068f00 JavaThread "C1 CompilerThread1" daemon [_thread_blocked, id=612824, stack(0x00007fce17cfd000,0x00007fce17dfe000)]
  0x00007fce1c06a900 JavaThread "C1 CompilerThread2" daemon [_thread_blocked, id=612825, stack(0x00007fce17bfc000,0x00007fce17cfd000)]
  0x00007fce1c06d300 JavaThread "C1 CompilerThread3" daemon [_thread_blocked, id=612826, stack(0x00007fce17afb000,0x00007fce17bfc000)]

Other Threads:
  0x00007fce6c254ba0 VMThread "VM Thread" [stack: 0x00007fce3c66b000,0x00007fce3c76b000] [id=612815]
  0x00007fce6c0747e0 GCTaskThread "GC Thread#0" [stack: 0x00007fce7019a000,0x00007fce7029a000] [id=612810]
  0x00007fce6c086340 ConcurrentGCThread "G1 Main Marker" [stack: 0x00007fce70098000,0x00007fce70198000] [id=612811]
  0x00007fce6c087b00 ConcurrentGCThread "G1 Conc#0" [stack: 0x00007fce4c494000,0x00007fce4c594000] [id=612812]
  0x00007fce6c0d9d40 ConcurrentGCThread "G1 Refine#0" [stack: 0x00007fce3d0f2000,0x00007fce3d1f2000] [id=612813]
  0x00007fce6c0db3e0 ConcurrentGCThread "G1 Young RemSet Sampling" [stack: 0x00007fce3cff0000,0x00007fce3d0f0000] [id=612814]

Threads with active compile tasks:
C2 CompilerThread0      147  101       4       java.lang.StringLatin1::hashCode (42 bytes)
C1 CompilerThread0      147  122       3       jdk.internal.org.objectweb.asm.Frame::execute (2305 bytes)

VM state: not at safepoint (normal execution)

VM Mutex/Monitor currently owned by a thread:  ([mutex/lock_event])
[0x00007fce6c02adc0] CodeCache_lock - owner thread: 0x00007fce6c0321f0

Heap address: 0x000000060a800000, size: 8024 MB, Compressed Oops mode: Zero based, Oop shift amount: 3
CDS disabled.
Compressed class space mapped at: 0x0000000800000000-0x0000000840000000, size: 1073741824
Narrow klass base: 0x0000000800000000, Narrow klass shift: 0, Narrow klass range: 0x40000000

GC Precious Log:
 CPUs: 24 total, 24 available
 Memory: 32090M
 Large Page Support: Disabled
 NUMA Support: Disabled
 Compressed Oops: Enabled (Zero based)
 Heap Region Size: 4M
 Heap Min Capacity: 8M
 Heap Initial Capacity: 8M
 Heap Max Capacity: 8024M
 Pre-touch: Disabled
 Parallel Workers: 18
 Concurrent Workers: 5
 Concurrent Refinement Workers: 18
 Periodic GC: Disabled

Heap:
 garbage-first heap   total 8192K, used 0K [0x000000060a800000, 0x0000000800000000)
  region size 4096K, 1 young (4096K), 0 survivors (0K)
 Metaspace       used 5743K, capacity 5824K, committed 5888K, reserved 1056768K
  class space    used 494K, capacity 512K, committed 512K, reserved 1048576K

Heap Regions: E=young(eden), S=young(survivor), O=old, HS=humongous(starts), HC=humongous(continues), CS=collection set, F=free, OA=open archive, CA=closed archive, TAMS=top-at-mark-start (previous, next)
|   0|0x000000060a800000, 0x000000060a800000, 0x000000060ac00000|  0%| F|  |TAMS 0x000000060a800000, 0x000000060a800000| Untracked 
|   1|0x000000060ac00000, 0x000000060ad77798, 0x000000060b000000| 36%| E|  |TAMS 0x000000060ac00000, 0x000000060ac00000| Complete 

Card table byte_map: [0x00007fce70399000,0x00007fce71345000] _byte_map_base: 0x00007fce6d345000

Marking Bits (Prev, Next): (CMBitMap*) 0x00007fce6c075958, (CMBitMap*) 0x00007fce6c075998
 Prev Bits: [0x00007fce542f4000, 0x00007fce5c054000)
 Next Bits: [0x00007fce4c594000, 0x00007fce542f4000)

Polling page: 0x00007fce73772000

Metaspace:

Usage:
  Non-class:      5.19 MB capacity,     5.13 MB ( 99%) used,    56.15 KB (  1%) free+waste,     4.44 KB ( <1%) overhead. 
      Class:    512.00 KB capacity,   495.10 KB ( 97%) used,    14.90 KB (  3%) free+waste,     2.00 KB ( <1%) overhead. 
       Both:      5.69 MB capacity,     5.61 MB ( 99%) used,    71.05 KB (  1%) free+waste,     6.44 KB ( <1%) overhead. 

Virtual space:
  Non-class space:        8.00 MB reserved,       5.25 MB ( 66%) committed 
      Class space:        1.00 GB reserved,     512.00 KB ( <1%) committed 
             Both:        1.01 GB reserved,       5.75 MB ( <1%) committed 

Chunk freelists:
   Non-Class:  16.00 KB
       Class:  0 bytes
        Both:  16.00 KB

MaxMetaspaceSize: 17179869184.00 GB
CompressedClassSpaceSize: 1.00 GB

CodeHeap 'non-profiled nmethods': size=119168Kb used=35Kb max_used=35Kb free=119132Kb
 bounds [0x00007fce64ba0000, 0x00007fce64e10000, 0x00007fce6c000000]
CodeHeap 'profiled nmethods': size=119164Kb used=252Kb max_used=252Kb free=118912Kb
 bounds [0x00007fce5d741000, 0x00007fce5d9b1000, 0x00007fce64ba0000]
CodeHeap 'non-nmethods': size=7428Kb used=3506Kb max_used=3506Kb free=3921Kb
 bounds [0x00007fce5d000000, 0x00007fce5d370000, 0x00007fce5d741000]
 total_blobs=1036 nmethods=144 adapters=811
 compilation: enabled
              stopped_count=0, restarted_count=0
 full_count=0

Compilation events (20 events):
Event: 0.121 Thread 0x00007fce6c2e2330   76       3       java.lang.String::<init> (15 bytes)
Event: 0.122 Thread 0x00007fce6c2e2330 nmethod 76 0x00007fce5d761290 code [0x00007fce5d761480, 0x00007fce5d7616b8]
Event: 0.122 Thread 0x00007fce6c2e2330   96       3       java.util.AbstractMap::<init> (5 bytes)
Event: 0.122 Thread 0x00007fce1c068f00 nmethod 93 0x00007fce5d761790 code [0x00007fce5d761940, 0x00007fce5d761ab8]
Event: 0.122 Thread 0x00007fce1c068f00   74       1       java.util.HashMap::size (5 bytes)
Event: 0.122 Thread 0x00007fce6c2e2330 nmethod 96 0x00007fce5d761b90 code [0x00007fce5d761d40, 0x00007fce5d761eb8]
Event: 0.122 Thread 0x00007fce6c2e2330   64       3       sun.nio.fs.UnixPath::checkNotNul (16 bytes)
Event: 0.122 Thread 0x00007fce1c068f00 nmethod 74 0x00007fce64ba4790 code [0x00007fce64ba4940, 0x00007fce64ba4a18]
Event: 0.122 Thread 0x00007fce1c068f00   98       3       java.util.HashMap$KeyIterator::next (8 bytes)
Event: 0.122 Thread 0x00007fce6c2e2330 nmethod 64 0x00007fce5d761f90 code [0x00007fce5d762160, 0x00007fce5d762328]
Event: 0.122 Thread 0x00007fce6c2e2330   61       3       java.lang.String::substring (58 bytes)
Event: 0.122 Thread 0x00007fce1c068f00 nmethod 98 0x00007fce5d762490 code [0x00007fce5d762660, 0x00007fce5d7627e8]
Event: 0.122 Thread 0x00007fce1c068f00   62       3       java.lang.String::checkBoundsBeginEnd (63 bytes)
Event: 0.123 Thread 0x00007fce6c2e2330 nmethod 61 0x00007fce5d762910 code [0x00007fce5d762b60, 0x00007fce5d763068]
Event: 0.123 Thread 0x00007fce6c2e2330   84       3       java.lang.String::getBytes (44 bytes)
Event: 0.123 Thread 0x00007fce6c2e0570  101       4       java.lang.StringLatin1::hashCode (42 bytes)
Event: 0.123 Thread 0x00007fce6c2e2330 nmethod 84 0x00007fce5d763410 code [0x00007fce5d763640, 0x00007fce5d7639d8]
Event: 0.123 Thread 0x00007fce6c2e2330   51       3       java.util.concurrent.ConcurrentHashMap::spread (10 bytes)
Event: 0.123 Thread 0x00007fce6c2e2330 nmethod 51 0x00007fce5d763c10 code [0x00007fce5d763dc0, 0x00007fce5d763ed8]
Event: 0.123 Thread 0x00007fce6c2e2330   56       3       java.lang.invoke.MemberName::testAnyFlags (15 bytes)

GC Heap History (0 events):
No events

Deoptimization events (0 events):
No events

Classes unloaded (0 events):
No events

Classes redefined (0 events):
No events

Internal exceptions (8 events):
Event: 0.090 Thread 0x00007fce6c0321f0 Exception <a 'java/lang/NoSuchMethodError'{0x000000060ac4aae8}: 'java.lang.Object java.lang.invoke.DirectMethodHandle$Holder.invokeStatic(java.lang.Object, java.lang.Object, java.lang.Object)'> (0x000000060ac4aae8) 
thrown [/home/wax/workbench/jdk/src/hotspot/share/interpreter/linkResolver.cpp, line 781]
Event: 0.092 Thread 0x00007fce6c0321f0 Exception <a 'java/lang/NoSuchMethodError'{0x000000060ac542f8}: 'java.lang.Object java.lang.invoke.Invokers$Holder.invokeExact_MT(java.lang.Object, java.lang.Object, java.lang.Object, java.lang.Object, java.lang.Object, java.lang.Object, java.lang.Object, java.lang.Object)'> (0x000000060ac542f8) 
thrown [/home/wax/workbench/jdk/src/hotspot/share/interpreter/linkResolver.cpp, line 781]
Event: 0.096 Thread 0x00007fce6c0321f0 Exception <a 'java/lang/NoSuchMethodError'{0x000000060ac5eb08}: 'java.lang.Object java.lang.invoke.DirectMethodHandle$Holder.newInvokeSpecial(java.lang.Object, java.lang.Object, java.lang.Object)'> (0x000000060ac5eb08) 
thrown [/home/wax/workbench/jdk/src/hotspot/share/interpreter/linkResolver.cpp, line 781]
Event: 0.097 Thread 0x00007fce6c0321f0 Exception <a 'java/lang/NoSuchMethodError'{0x000000060ac661c0}: 'java.lang.Object java.lang.invoke.Invokers$Holder.linkToTargetMethod(java.lang.Object, java.lang.Object, java.lang.Object)'> (0x000000060ac661c0) 
thrown [/home/wax/workbench/jdk/src/hotspot/share/interpreter/linkResolver.cpp, line 781]
Event: 0.103 Thread 0x00007fce6c0321f0 Exception <a 'java/lang/NoSuchMethodError'{0x000000060ac84120}: 'java.lang.Object java.lang.invoke.DirectMethodHandle$Holder.invokeSpecial(java.lang.Object, java.lang.Object, java.lang.Object)'> (0x000000060ac84120) 
thrown [/home/wax/workbench/jdk/src/hotspot/share/interpreter/linkResolver.cpp, line 781]
Event: 0.109 Thread 0x00007fce6c0321f0 Exception <a 'java/lang/NoSuchMethodError'{0x000000060ac908c0}: 'java.lang.Object java.lang.invoke.DirectMethodHandle$Holder.invokeStatic(java.lang.Object, java.lang.Object)'> (0x000000060ac908c0) 
thrown [/home/wax/workbench/jdk/src/hotspot/share/interpreter/linkResolver.cpp, line 781]
Event: 0.110 Thread 0x00007fce6c0321f0 Exception <a 'java/lang/NoSuchMethodError'{0x000000060ac97090}: 'java.lang.Object java.lang.invoke.DirectMethodHandle$Holder.newInvokeSpecial(java.lang.Object, java.lang.Object)'> (0x000000060ac97090) 
thrown [/home/wax/workbench/jdk/src/hotspot/share/interpreter/linkResolver.cpp, line 781]
Event: 0.110 Thread 0x00007fce6c0321f0 Exception <a 'java/lang/NoSuchMethodError'{0x000000060ac9adf8}: 'java.lang.Object java.lang.invoke.Invokers$Holder.linkToTargetMethod(java.lang.Object, java.lang.Object)'> (0x000000060ac9adf8) 
thrown [/home/wax/workbench/jdk/src/hotspot/share/interpreter/linkResolver.cpp, line 781]

Events (20 events):
Event: 0.113 loading class java/util/ListIterator done
Event: 0.113 loading class java/util/ImmutableCollections$ListItr done
Event: 0.114 loading class jdk/internal/module/Checks
Event: 0.114 loading class jdk/internal/module/Checks done
Event: 0.116 Thread 0x00007fce1c068f00 Thread added: 0x00007fce1c068f00
Event: 0.116 Protecting memory [0x00007fce17cfd000,0x00007fce17d01000] with protection modes 0
Event: 0.116 Thread 0x00007fce1c06a900 Thread added: 0x00007fce1c06a900
Event: 0.116 Protecting memory [0x00007fce17bfc000,0x00007fce17c00000] with protection modes 0
Event: 0.116 Thread 0x00007fce1c06d300 Thread added: 0x00007fce1c06d300
Event: 0.116 Protecting memory [0x00007fce17afb000,0x00007fce17aff000] with protection modes 0
Event: 0.122 loading class java/util/function/BiPredicate
Event: 0.122 loading class java/util/function/BiPredicate done
Event: 0.123 loading class java/nio/file/FileVisitOption
Event: 0.123 loading class java/nio/file/FileVisitOption done
Event: 0.123 loading class java/nio/file/FileTreeIterator
Event: 0.123 loading class java/nio/file/FileTreeIterator done
Event: 0.123 loading class java/nio/file/FileTreeWalker
Event: 0.123 loading class java/nio/file/FileTreeWalker done
Event: 0.123 loading class java/util/Arrays$ArrayList
Event: 0.123 loading class java/util/Arrays$ArrayList done


Dynamic libraries:
60a800000-60b000000 rw-p 00000000 00:00 0 
60b000000-800000000 ---p 00000000 00:00 0 
800000000-800080000 rw-p 00000000 00:00 0 
800080000-840000000 ---p 00000000 00:00 0 
5604506be000-5604506bf000 r--p 00000000 fd:01 20324267                   /home/wax/workbench/jdk/build/linux-x86_64-server-fastdebug/jdk/bin/jlink
5604506bf000-5604506c0000 r-xp 00001000 fd:01 20324267                   /home/wax/workbench/jdk/build/linux-x86_64-server-fastdebug/jdk/bin/jlink
5604506c0000-5604506c1000 r--p 00002000 fd:01 20324267                   /home/wax/workbench/jdk/build/linux-x86_64-server-fastdebug/jdk/bin/jlink
5604506c1000-5604506c2000 r--p 00002000 fd:01 20324267                   /home/wax/workbench/jdk/build/linux-x86_64-server-fastdebug/jdk/bin/jlink
5604506c2000-5604506c3000 rw-p 00003000 fd:01 20324267                   /home/wax/workbench/jdk/build/linux-x86_64-server-fastdebug/jdk/bin/jlink
5604522ff000-560452320000 rw-p 00000000 00:00 0                          [heap]
7fce00000000-7fce000a1000 rw-p 00000000 00:00 0 
7fce000a1000-7fce04000000 ---p 00000000 00:00 0 
7fce04000000-7fce040a7000 rw-p 00000000 00:00 0 
7fce040a7000-7fce08000000 ---p 00000000 00:00 0 
7fce08000000-7fce08021000 rw-p 00000000 00:00 0 
7fce08021000-7fce0c000000 ---p 00000000 00:00 0 
7fce0c000000-7fce0c040000 rw-p 00000000 00:00 0 
7fce0c040000-7fce10000000 ---p 00000000 00:00 0 
7fce10000000-7fce10021000 rw-p 00000000 00:00 0 
7fce10021000-7fce14000000 ---p 00000000 00:00 0 
7fce1768b000-7fce17afb000 rw-p 00000000 00:00 0 
7fce17afb000-7fce17aff000 ---p 00000000 00:00 0 
7fce17aff000-7fce17bfc000 rw-p 00000000 00:00 0 
7fce17bfc000-7fce17c00000 ---p 00000000 00:00 0 
7fce17c00000-7fce17cfd000 rw-p 00000000 00:00 0 
7fce17cfd000-7fce17d01000 ---p 00000000 00:00 0 
7fce17d01000-7fce17dfe000 rw-p 00000000 00:00 0 
7fce17dfe000-7fce17e02000 ---p 00000000 00:00 0 
7fce17e02000-7fce17eff000 rw-p 00000000 00:00 0 
7fce17eff000-7fce17f03000 ---p 00000000 00:00 0 
7fce17f03000-7fce18000000 rw-p 00000000 00:00 0 
7fce18000000-7fce180a3000 rw-p 00000000 00:00 0 
7fce180a3000-7fce1c000000 ---p 00000000 00:00 0 
7fce1c000000-7fce1c0ee000 rw-p 00000000 00:00 0 
7fce1c0ee000-7fce20000000 ---p 00000000 00:00 0 
7fce20000000-7fce20021000 rw-p 00000000 00:00 0 
7fce20021000-7fce24000000 ---p 00000000 00:00 0 
7fce24000000-7fce24021000 rw-p 00000000 00:00 0 
7fce24021000-7fce28000000 ---p 00000000 00:00 0 
7fce28000000-7fce28021000 rw-p 00000000 00:00 0 
7fce28021000-7fce2c000000 ---p 00000000 00:00 0 
7fce2c000000-7fce2c021000 rw-p 00000000 00:00 0 
7fce2c021000-7fce30000000 ---p 00000000 00:00 0 
7fce30000000-7fce30021000 rw-p 00000000 00:00 0 
7fce30021000-7fce34000000 ---p 00000000 00:00 0 
7fce34000000-7fce34021000 rw-p 00000000 00:00 0 
7fce34021000-7fce38000000 ---p 00000000 00:00 0 
7fce38000000-7fce38021000 rw-p 00000000 00:00 0 
7fce38021000-7fce3c000000 ---p 00000000 00:00 0 
7fce3c032000-7fce3c063000 rw-p 00000000 00:00 0 
7fce3c063000-7fce3c067000 ---p 00000000 00:00 0 
7fce3c067000-7fce3c164000 rw-p 00000000 00:00 0 
7fce3c164000-7fce3c168000 ---p 00000000 00:00 0 
7fce3c168000-7fce3c265000 rw-p 00000000 00:00 0 
7fce3c265000-7fce3c269000 ---p 00000000 00:00 0 
7fce3c269000-7fce3c366000 rw-p 00000000 00:00 0 
7fce3c366000-7fce3c36a000 ---p 00000000 00:00 0 
7fce3c36a000-7fce3c467000 rw-p 00000000 00:00 0 
7fce3c467000-7fce3c46b000 ---p 00000000 00:00 0 
7fce3c46b000-7fce3c568000 rw-p 00000000 00:00 0 
7fce3c568000-7fce3c56c000 ---p 00000000 00:00 0 
7fce3c56c000-7fce3c669000 rw-p 00000000 00:00 0 
7fce3c669000-7fce3c66a000 ---p 00000000 00:00 0 
7fce3c66a000-7fce3cd2c000 rw-p 00000000 00:00 0 
7fce3cd2c000-7fce3cfec000 ---p 00000000 00:00 0 
7fce3cfee000-7fce3cfef000 ---p 00000000 00:00 0 
7fce3cfef000-7fce3d0f0000 rw-p 00000000 00:00 0 
7fce3d0f0000-7fce3d0f1000 ---p 00000000 00:00 0 
7fce3d0f1000-7fce40000000 rw-p 00000000 00:00 0 
7fce40000000-7fce40021000 rw-p 00000000 00:00 0 
7fce40021000-7fce44000000 ---p 00000000 00:00 0 
7fce44000000-7fce44021000 rw-p 00000000 00:00 0 
7fce44021000-7fce48000000 ---p 00000000 00:00 0 
7fce48000000-7fce48021000 rw-p 00000000 00:00 0 
7fce48021000-7fce4c000000 ---p 00000000 00:00 0 
7fce4c006000-7fce4c00a000 r--p 00000000 fd:01 15342232                   /home/wax/workbench/jdk/build/linux-x86_64-server-fastdebug/jdk/lib/libnet.so
7fce4c00a000-7fce4c019000 r-xp 00004000 fd:01 15342232                   /home/wax/workbench/jdk/build/linux-x86_64-server-fastdebug/jdk/lib/libnet.so
7fce4c019000-7fce4c01d000 r--p 00013000 fd:01 15342232                   /home/wax/workbench/jdk/build/linux-x86_64-server-fastdebug/jdk/lib/libnet.so
7fce4c01d000-7fce4c01e000 r--p 00016000 fd:01 15342232                   /home/wax/workbench/jdk/build/linux-x86_64-server-fastdebug/jdk/lib/libnet.so
7fce4c01e000-7fce4c01f000 rw-p 00017000 fd:01 15342232                   /home/wax/workbench/jdk/build/linux-x86_64-server-fastdebug/jdk/lib/libnet.so
7fce4c01f000-7fce4c025000 r--p 00000000 fd:01 15342234                   /home/wax/workbench/jdk/build/linux-x86_64-server-fastdebug/jdk/lib/libnio.so
7fce4c025000-7fce4c02d000 r-xp 00006000 fd:01 15342234                   /home/wax/workbench/jdk/build/linux-x86_64-server-fastdebug/jdk/lib/libnio.so
7fce4c02d000-7fce4c030000 r--p 0000e000 fd:01 15342234                   /home/wax/workbench/jdk/build/linux-x86_64-server-fastdebug/jdk/lib/libnio.so
7fce4c030000-7fce4c031000 ---p 00011000 fd:01 15342234                   /home/wax/workbench/jdk/build/linux-x86_64-server-fastdebug/jdk/lib/libnio.so
7fce4c031000-7fce4c032000 r--p 00011000 fd:01 15342234                   /home/wax/workbench/jdk/build/linux-x86_64-server-fastdebug/jdk/lib/libnio.so
7fce4c032000-7fce4c033000 rw-p 00012000 fd:01 15342234                   /home/wax/workbench/jdk/build/linux-x86_64-server-fastdebug/jdk/lib/libnio.so
7fce4c033000-7fce4c492000 rw-p 00000000 00:00 0 
7fce4c492000-7fce4c493000 ---p 00000000 00:00 0 
7fce4c493000-7fce4c5b4000 rw-p 00000000 00:00 0 
7fce4c5b4000-7fce542f4000 ---p 00000000 00:00 0 
7fce542f4000-7fce54314000 rw-p 00000000 00:00 0 
7fce54314000-7fce5c054000 ---p 00000000 00:00 0 
7fce5c054000-7fce5c058000 rw-p 00000000 00:00 0 
7fce5c058000-7fce5d000000 ---p 00000000 00:00 0 
7fce5d000000-7fce5d370000 rwxp 00000000 00:00 0 
7fce5d370000-7fce5d741000 ---p 00000000 00:00 0 
7fce5d741000-7fce5d9b1000 rwxp 00000000 00:00 0 
7fce5d9b1000-7fce64ba0000 ---p 00000000 00:00 0 
7fce64ba0000-7fce64e10000 rwxp 00000000 00:00 0 
7fce64e10000-7fce6c000000 ---p 00000000 00:00 0 
7fce6c000000-7fce6c51e000 rw-p 00000000 00:00 0 
7fce6c51e000-7fce70000000 ---p 00000000 00:00 0 
7fce70013000-7fce70096000 rw-p 00000000 00:00 0 
7fce70096000-7fce70097000 ---p 00000000 00:00 0 
7fce70097000-7fce70198000 rw-p 00000000 00:00 0 
7fce70198000-7fce70199000 ---p 00000000 00:00 0 
7fce70199000-7fce7039d000 rw-p 00000000 00:00 0 
7fce7039d000-7fce71345000 ---p 00000000 00:00 0 
7fce71345000-7fce71349000 rw-p 00000000 00:00 0 
7fce71349000-7fce722f1000 ---p 00000000 00:00 0 
7fce722f1000-7fce73547000 rw-p 00000000 00:00 0 
7fce73547000-7fce7362b000 ---p 00000000 00:00 0 
7fce7362b000-7fce73630000 rw-p 00000000 00:00 0 
7fce73630000-7fce73714000 ---p 00000000 00:00 0 
7fce73714000-7fce73720000 r--p 00000000 fd:01 15342226                   /home/wax/workbench/jdk/build/linux-x86_64-server-fastdebug/jdk/lib/libjava.so
7fce73720000-7fce73732000 r-xp 0000c000 fd:01 15342226                   /home/wax/workbench/jdk/build/linux-x86_64-server-fastdebug/jdk/lib/libjava.so
7fce73732000-7fce73738000 r--p 0001e000 fd:01 15342226                   /home/wax/workbench/jdk/build/linux-x86_64-server-fastdebug/jdk/lib/libjava.so
7fce73738000-7fce73739000 ---p 00024000 fd:01 15342226                   /home/wax/workbench/jdk/build/linux-x86_64-server-fastdebug/jdk/lib/libjava.so
7fce73739000-7fce7373a000 r--p 00024000 fd:01 15342226                   /home/wax/workbench/jdk/build/linux-x86_64-server-fastdebug/jdk/lib/libjava.so
7fce7373a000-7fce7373b000 rw-p 00025000 fd:01 15342226                   /home/wax/workbench/jdk/build/linux-x86_64-server-fastdebug/jdk/lib/libjava.so
7fce7373b000-7fce7373c000 rw-p 00000000 00:00 0 
7fce7373c000-7fce7373f000 r--p 00000000 fd:01 5112244                    /usr/lib/x86_64-linux-gnu/libnss_files-2.31.so
7fce7373f000-7fce73746000 r-xp 00003000 fd:01 5112244                    /usr/lib/x86_64-linux-gnu/libnss_files-2.31.so
7fce73746000-7fce73748000 r--p 0000a000 fd:01 5112244                    /usr/lib/x86_64-linux-gnu/libnss_files-2.31.so
7fce73748000-7fce73749000 r--p 0000b000 fd:01 5112244                    /usr/lib/x86_64-linux-gnu/libnss_files-2.31.so
7fce73749000-7fce7374a000 rw-p 0000c000 fd:01 5112244                    /usr/lib/x86_64-linux-gnu/libnss_files-2.31.so
7fce7374a000-7fce73750000 rw-p 00000000 00:00 0 
7fce7375b000-7fce73762000 rw-p 00000000 00:00 0 
7fce73762000-7fce7376a000 ---p 00000000 00:00 0 
7fce7376a000-7fce73772000 rw-s 00000000 fd:01 49938783                   /tmp/hsperfdata_wax/612808
7fce73772000-7fce73773000 ---p 00000000 00:00 0 
7fce73773000-7fce73774000 r--p 00000000 00:00 0 
7fce73774000-7fce73778000 ---p 00000000 00:00 0 
7fce73778000-7fce73875000 rw-p 00000000 00:00 0 
7fce73875000-7fce73884000 r--p 00000000 fd:01 5112186                    /usr/lib/x86_64-linux-gnu/libm-2.31.so
7fce73884000-7fce7392b000 r-xp 0000f000 fd:01 5112186                    /usr/lib/x86_64-linux-gnu/libm-2.31.so
7fce7392b000-7fce739c2000 r--p 000b6000 fd:01 5112186                    /usr/lib/x86_64-linux-gnu/libm-2.31.so
7fce739c2000-7fce739c3000 r--p 0014c000 fd:01 5112186                    /usr/lib/x86_64-linux-gnu/libm-2.31.so
7fce739c3000-7fce739c4000 rw-p 0014d000 fd:01 5112186                    /usr/lib/x86_64-linux-gnu/libm-2.31.so
7fce739c4000-7fce73c3d000 r--p 00000000 fd:01 15342214                   /home/wax/workbench/jdk/build/linux-x86_64-server-fastdebug/jdk/lib/server/libjvm.so
7fce73c3d000-7fce753e1000 r-xp 00279000 fd:01 15342214                   /home/wax/workbench/jdk/build/linux-x86_64-server-fastdebug/jdk/lib/server/libjvm.so
7fce753e1000-7fce757f1000 r--p 01a1d000 fd:01 15342214                   /home/wax/workbench/jdk/build/linux-x86_64-server-fastdebug/jdk/lib/server/libjvm.so
7fce757f1000-7fce757f2000 ---p 01e2d000 fd:01 15342214                   /home/wax/workbench/jdk/build/linux-x86_64-server-fastdebug/jdk/lib/server/libjvm.so
7fce757f2000-7fce758b6000 r--p 01e2d000 fd:01 15342214                   /home/wax/workbench/jdk/build/linux-x86_64-server-fastdebug/jdk/lib/server/libjvm.so
7fce758b6000-7fce758f2000 rw-p 01ef1000 fd:01 15342214                   /home/wax/workbench/jdk/build/linux-x86_64-server-fastdebug/jdk/lib/server/libjvm.so
7fce758f2000-7fce759ca000 rw-p 00000000 00:00 0 
7fce759ca000-7fce759d1000 r--p 00000000 fd:01 5112284                    /usr/lib/x86_64-linux-gnu/libpthread-2.31.so
7fce759d1000-7fce759e2000 r-xp 00007000 fd:01 5112284                    /usr/lib/x86_64-linux-gnu/libpthread-2.31.so
7fce759e2000-7fce759e7000 r--p 00018000 fd:01 5112284                    /usr/lib/x86_64-linux-gnu/libpthread-2.31.so
7fce759e7000-7fce759e8000 r--p 0001c000 fd:01 5112284                    /usr/lib/x86_64-linux-gnu/libpthread-2.31.so
7fce759e8000-7fce759e9000 rw-p 0001d000 fd:01 5112284                    /usr/lib/x86_64-linux-gnu/libpthread-2.31.so
7fce759e9000-7fce759ed000 rw-p 00000000 00:00 0 
7fce759ed000-7fce759ee000 r--p 00000000 fd:01 5112184                    /usr/lib/x86_64-linux-gnu/libdl-2.31.so
7fce759ee000-7fce759f0000 r-xp 00001000 fd:01 5112184                    /usr/lib/x86_64-linux-gnu/libdl-2.31.so
7fce759f0000-7fce759f1000 r--p 00003000 fd:01 5112184                    /usr/lib/x86_64-linux-gnu/libdl-2.31.so
7fce759f1000-7fce759f2000 r--p 00003000 fd:01 5112184                    /usr/lib/x86_64-linux-gnu/libdl-2.31.so
7fce759f2000-7fce759f3000 rw-p 00004000 fd:01 5112184                    /usr/lib/x86_64-linux-gnu/libdl-2.31.so
7fce759f3000-7fce759f5000 r--p 00000000 fd:01 5115138                    /usr/lib/x86_64-linux-gnu/libz.so.1.2.11
7fce759f5000-7fce75a06000 r-xp 00002000 fd:01 5115138                    /usr/lib/x86_64-linux-gnu/libz.so.1.2.11
7fce75a06000-7fce75a0c000 r--p 00013000 fd:01 5115138                    /usr/lib/x86_64-linux-gnu/libz.so.1.2.11
7fce75a0c000-7fce75a0d000 ---p 00019000 fd:01 5115138                    /usr/lib/x86_64-linux-gnu/libz.so.1.2.11
7fce75a0d000-7fce75a0e000 r--p 00019000 fd:01 5115138                    /usr/lib/x86_64-linux-gnu/libz.so.1.2.11
7fce75a0e000-7fce75a0f000 rw-p 0001a000 fd:01 5115138                    /usr/lib/x86_64-linux-gnu/libz.so.1.2.11
7fce75a0f000-7fce75a34000 r--p 00000000 fd:01 5112179                    /usr/lib/x86_64-linux-gnu/libc-2.31.so
7fce75a34000-7fce75bac000 r-xp 00025000 fd:01 5112179                    /usr/lib/x86_64-linux-gnu/libc-2.31.so
7fce75bac000-7fce75bf6000 r--p 0019d000 fd:01 5112179                    /usr/lib/x86_64-linux-gnu/libc-2.31.so
7fce75bf6000-7fce75bf7000 ---p 001e7000 fd:01 5112179                    /usr/lib/x86_64-linux-gnu/libc-2.31.so
7fce75bf7000-7fce75bfa000 r--p 001e7000 fd:01 5112179                    /usr/lib/x86_64-linux-gnu/libc-2.31.so
7fce75bfa000-7fce75bfd000 rw-p 001ea000 fd:01 5112179                    /usr/lib/x86_64-linux-gnu/libc-2.31.so
7fce75bfd000-7fce75c01000 rw-p 00000000 00:00 0 
7fce75c02000-7fce75c05000 r--p 00000000 fd:01 15342230                   /home/wax/workbench/jdk/build/linux-x86_64-server-fastdebug/jdk/lib/libjimage.so
7fce75c05000-7fce75c19000 r-xp 00003000 fd:01 15342230                   /home/wax/workbench/jdk/build/linux-x86_64-server-fastdebug/jdk/lib/libjimage.so
7fce75c19000-7fce75c20000 r--p 00017000 fd:01 15342230                   /home/wax/workbench/jdk/build/linux-x86_64-server-fastdebug/jdk/lib/libjimage.so
7fce75c20000-7fce75c22000 r--p 0001d000 fd:01 15342230                   /home/wax/workbench/jdk/build/linux-x86_64-server-fastdebug/jdk/lib/libjimage.so
7fce75c22000-7fce75c23000 rw-p 0001f000 fd:01 15342230                   /home/wax/workbench/jdk/build/linux-x86_64-server-fastdebug/jdk/lib/libjimage.so
7fce75c23000-7fce75c25000 r--p 00000000 fd:01 15342221                   /home/wax/workbench/jdk/build/linux-x86_64-server-fastdebug/jdk/lib/libjli.so
7fce75c25000-7fce75c2f000 r-xp 00002000 fd:01 15342221                   /home/wax/workbench/jdk/build/linux-x86_64-server-fastdebug/jdk/lib/libjli.so
7fce75c2f000-7fce75c32000 r--p 0000c000 fd:01 15342221                   /home/wax/workbench/jdk/build/linux-x86_64-server-fastdebug/jdk/lib/libjli.so
7fce75c32000-7fce75c33000 ---p 0000f000 fd:01 15342221                   /home/wax/workbench/jdk/build/linux-x86_64-server-fastdebug/jdk/lib/libjli.so
7fce75c33000-7fce75c34000 r--p 0000f000 fd:01 15342221                   /home/wax/workbench/jdk/build/linux-x86_64-server-fastdebug/jdk/lib/libjli.so
7fce75c34000-7fce75c35000 rw-p 00010000 fd:01 15342221                   /home/wax/workbench/jdk/build/linux-x86_64-server-fastdebug/jdk/lib/libjli.so
7fce75c35000-7fce75c37000 rw-p 00000000 00:00 0 
7fce75c37000-7fce75c38000 r--p 00000000 fd:01 5112175                    /usr/lib/x86_64-linux-gnu/ld-2.31.so
7fce75c38000-7fce75c5b000 r-xp 00001000 fd:01 5112175                    /usr/lib/x86_64-linux-gnu/ld-2.31.so
7fce75c5b000-7fce75c63000 r--p 00024000 fd:01 5112175                    /usr/lib/x86_64-linux-gnu/ld-2.31.so
7fce75c63000-7fce75c64000 ---p 00000000 00:00 0 
7fce75c64000-7fce75c65000 r--p 0002c000 fd:01 5112175                    /usr/lib/x86_64-linux-gnu/ld-2.31.so
7fce75c65000-7fce75c66000 rw-p 0002d000 fd:01 5112175                    /usr/lib/x86_64-linux-gnu/ld-2.31.so
7fce75c66000-7fce75c67000 rw-p 00000000 00:00 0 
7ffea9677000-7ffea9698000 rw-p 00000000 00:00 0                          [stack]
7ffea97b3000-7ffea97b6000 r--p 00000000 00:00 0                          [vvar]
7ffea97b6000-7ffea97b7000 r-xp 00000000 00:00 0                          [vdso]
ffffffffff600000-ffffffffff601000 --xp 00000000 00:00 0                  [vsyscall]


VM Arguments:
jvm_args: -Dapplication.home=/home/wax/workbench/jdk/build/linux-x86_64-server-fastdebug/jdk --add-modules=ALL-DEFAULT -Xms8m -Djlink.debug=true -Djdk.module.main=jdk.jlink 
java_command: jdk.jlink/jdk.tools.jlink.internal.Main --module-path /home/wax/workbench/jdk/build/linux-x86_64-server-fastdebug/support/interim-jmods --endian little --output /home/wax/workbench/jdk/build/linux-x86_64-server-fastdebug/support/interim-image --disable-plugin generate-jli-classes --add-modules java.base,java.logging
java_class_path (initial): <not set>
Launcher Type: SUN_STANDARD

[Global flags]
     intx CICompilerCount                          = 12                                        {product} {ergonomic}     Number of compiler threads to run
     uint ConcGCThreads                            = 5                                         {product} {ergonomic}     Number of threads concurrent gc will use
     uint G1ConcRefinementThreads                  = 18                                        {product} {ergonomic}     The number of parallel rem set update threads. Will be set ergonomically by default.
   size_t G1HeapRegionSize                         = 4194304                                   {product} {ergonomic}     Size of the G1 regions.
    uintx GCDrainStackTargetSize                   = 64                                        {product} {ergonomic}     Number of entries we will try to leave on the stack during parallel gc
   size_t InitialHeapSize                          = 8388608                                   {product} {command line}  Initial heap size (in bytes); zero means use ergonomics
   size_t MarkStackSize                            = 4194304                                   {product} {ergonomic}     Size of marking stack
   size_t MaxHeapSize                              = 8413773824                                {product} {ergonomic}     Maximum heap size (in bytes)
   size_t MaxNewSize                               = 5045747712                                {product} {ergonomic}     Maximum new generation size (in bytes), max_uintx means set ergonomically
   size_t MinHeapDeltaBytes                        = 4194304                                   {product} {ergonomic}     The minimum change in heap space due to GC (in bytes)
   size_t MinHeapSize                              = 8388608                                   {product} {command line}  Minimum heap size (in bytes); zero means use ergonomics
    uintx NonNMethodCodeHeapSize                   = 7602480                                {pd product} {ergonomic}     Size of code heap with non-nmethods (in bytes)
    uintx NonProfiledCodeHeapSize                  = 122027880                              {pd product} {ergonomic}     Size of code heap with non-profiled methods (in bytes)
    uintx ProfiledCodeHeapSize                     = 122027880                              {pd product} {ergonomic}     Size of code heap with profiled methods (in bytes)
    uintx ReservedCodeCacheSize                    = 251658240                              {pd product} {ergonomic}     Reserved code cache size (in bytes) - maximum code cache size
     bool SegmentedCodeCache                       = true                                      {product} {ergonomic}     Use a segmented code cache
   size_t SoftMaxHeapSize                          = 8413773824                             {manageable} {ergonomic}     Soft limit for maximum heap size (in bytes)
     bool UseCompressedClassPointers               = true                                 {lp64_product} {ergonomic}     Use 32-bit class pointers in 64-bit VM. lp64_product means flag is always constant in 32 bit VM
     bool UseCompressedOops                        = true                                 {lp64_product} {ergonomic}     Use 32-bit object references in 64-bit VM. lp64_product means flag is always constant in 32 bit VM
     bool UseG1GC                                  = true                                      {product} {ergonomic}     Use the Garbage-First garbage collector

Logging:
Log output configuration:
 #0: stdout all=warning uptime,level,tags
 #1: stderr all=off uptime,level,tags

Environment Variables:
PATH=/home/wax/.local/bin:/home/wax/bin:/usr/local/sbin:/usr/local/bin:/usr/sbin:/usr/bin:/sbin:/bin:/usr/games:/usr/local/games:/snap/bin:/home/wax/.antigen/bundles/robbyrussell/oh-my-zsh/lib:/home/wax/.antigen/bundles/robbyrussell/oh-my-zsh/plugins/git:/home/wax/.antigen/bundles/robbyrussell/oh-my-zsh/plugins/command-not-found:/home/wax/.antigen/bundles/zsh-users/zsh-autosuggestions:/home/wax/.antigen/bundles/zsh-users/zsh-history-substring-search:/home/wax/.antigen/bundles/zsh-users/zsh-syntax-highlighting:/home/wax/.antigen/bundles/robbyrussell/oh-my-zsh/plugins/shrink-path
USERNAME=wax
SHELL=/usr/bin/zsh
DISPLAY=:1
LANG=en_US.UTF-8
LC_ALL=C

Signal Handlers:
SIGSEGV: [libjvm.so+0x1907060], sa_mask[0]=11111111011111111101111111111110, sa_flags=SA_RESTART|SA_SIGINFO
SIGBUS: [libjvm.so+0x1907060], sa_mask[0]=11111111011111111101111111111110, sa_flags=SA_RESTART|SA_SIGINFO
SIGFPE: [libjvm.so+0x1907060], sa_mask[0]=11111111011111111101111111111110, sa_flags=SA_RESTART|SA_SIGINFO
SIGPIPE: [libjvm.so+0x1417a10], sa_mask[0]=11111111011111111101111111111110, sa_flags=SA_RESTART|SA_SIGINFO
SIGXFSZ: [libjvm.so+0x1417a10], sa_mask[0]=11111111011111111101111111111110, sa_flags=SA_RESTART|SA_SIGINFO
SIGILL: [libjvm.so+0x1907060], sa_mask[0]=11111111011111111101111111111110, sa_flags=SA_RESTART|SA_SIGINFO
SIGUSR2: [libjvm.so+0x1417820], sa_mask[0]=00000000000000000000000000000000, sa_flags=SA_RESTART|SA_SIGINFO
SIGHUP: [libjvm.so+0x1418540], sa_mask[0]=11111111011111111101111111111110, sa_flags=SA_RESTART|SA_SIGINFO
SIGINT: [libjvm.so+0x1418540], sa_mask[0]=11111111011111111101111111111110, sa_flags=SA_RESTART|SA_SIGINFO
SIGTERM: [libjvm.so+0x1418540], sa_mask[0]=11111111011111111101111111111110, sa_flags=SA_RESTART|SA_SIGINFO
SIGQUIT: [libjvm.so+0x1418540], sa_mask[0]=11111111011111111101111111111110, sa_flags=SA_RESTART|SA_SIGINFO


---------------  S Y S T E M  ---------------

OS:
DISTRIB_ID=Pop
DISTRIB_RELEASE=20.04
DISTRIB_CODENAME=focal
DISTRIB_DESCRIPTION="Pop!_OS 20.04 LTS"
uname: Linux tesla 5.4.0-7634-generic #38~1592497129~20.04~9a1ea2e-Ubuntu SMP Fri Jun 19 22:43:37 UTC  x86_64
OS uptime: 3 days 21:49 hours
libc: glibc 2.31 NPTL 2.31 
rlimit (soft/hard): STACK 8192k/infinity , CORE 0k/infinity , NPROC 127741/127741 , NOFILE 1048576/1048576 , AS infinity/infinity , CPU infinity/infinity , DATA infinity/infinity , FSIZE infinity/infinity , MEMLOCK 65536k/65536k
load average: 0.62 0.48 0.35

/proc/meminfo:
MemTotal:       32860560 kB
MemFree:         2629600 kB
MemAvailable:   20097212 kB
Buffers:          994108 kB
Cached:         16609432 kB
SwapCached:            0 kB
Active:         18691008 kB
Inactive:        7960656 kB
Active(anon):    9055272 kB
Inactive(anon):   723324 kB
Active(file):    9635736 kB
Inactive(file):  7237332 kB
Unevictable:         208 kB
Mlocked:             208 kB
SwapTotal:       4193784 kB
SwapFree:        4193784 kB
Dirty:            511620 kB
Writeback:             0 kB
AnonPages:       9048616 kB
Mapped:          1918188 kB
Shmem:            735976 kB
KReclaimable:    1058192 kB
Slab:            1407748 kB
SReclaimable:    1058192 kB
SUnreclaim:       349556 kB
KernelStack:       43544 kB
PageTables:        99232 kB
NFS_Unstable:          0 kB
Bounce:                0 kB
WritebackTmp:          0 kB
CommitLimit:    20624064 kB
Committed_AS:   34873524 kB
VmallocTotal:   34359738367 kB
VmallocUsed:       70380 kB
VmallocChunk:          0 kB
Percpu:            34304 kB
HardwareCorrupted:     0 kB
AnonHugePages:         0 kB
ShmemHugePages:        0 kB
ShmemPmdMapped:        0 kB
FileHugePages:         0 kB
FilePmdMapped:         0 kB
CmaTotal:              0 kB
CmaFree:               0 kB
HugePages_Total:       0
HugePages_Free:        0
HugePages_Rsvd:        0
HugePages_Surp:        0
Hugepagesize:       2048 kB
Hugetlb:               0 kB
DirectMap4k:     2910172 kB
DirectMap2M:    25315328 kB
DirectMap1G:     6291456 kB

/sys/kernel/mm/transparent_hugepage/enabled: always [madvise] never
/sys/kernel/mm/transparent_hugepage/defrag (defrag/compaction efforts parameter): always defer defer+madvise [madvise] never

/proc/sys/kernel/threads-max (system-wide limit on the number of threads): 255482
/proc/sys/vm/max_map_count (maximum number of memory map areas a process may have): 65530
/proc/sys/kernel/pid_max (system-wide limit on number of process identifiers): 4194304

container (cgroup) information:
container_type: cgroupv1
cpu_cpuset_cpus: 0-23
cpu_memory_nodes: 0
active_processor_count: 24
cpu_quota: no quota
cpu_period: 100000
cpu_shares: no shares
memory_limit_in_bytes: unlimited
memory_and_swap_limit_in_bytes: not supported
memory_soft_limit_in_bytes: unlimited
memory_usage_in_bytes: 25308557312
memory_max_usage_in_bytes: 27515346944

Steal ticks since vm start: 0
Steal ticks percentage since vm start:  0.000

CPU: total 24 (initial active 24) (24 cores per cpu, 2 threads per core) family 23 model 113 stepping 0, cmov, cx8, fxsr, mmx, sse, sse2, sse3, ssse3, sse4.1, sse4.2, popcnt, vzeroupper, avx, avx2, aes, clmul, 3dnowpref, lzcnt, sse4a, ht, tsc, tscinvbit, tscinv, bmi1, bmi2, adx, sha, fma, clflush, clflushopt
CPU Model and flags from /proc/cpuinfo:
model name	: AMD Ryzen 9 3900X 12-Core Processor
flags		: fpu vme de pse tsc msr pae mce cx8 apic sep mtrr pge mca cmov pat pse36 clflush mmx fxsr sse sse2 ht syscall nx mmxext fxsr_opt pdpe1gb rdtscp lm constant_tsc rep_good nopl nonstop_tsc cpuid extd_apicid aperfmperf pni pclmulqdq monitor ssse3 fma cx16 sse4_1 sse4_2 movbe popcnt aes xsave avx f16c rdrand lahf_lm cmp_legacy svm extapic cr8_legacy abm sse4a misalignsse 3dnowprefetch osvw ibs skinit wdt tce topoext perfctr_core perfctr_nb bpext perfctr_llc mwaitx cpb cat_l3 cdp_l3 hw_pstate sme ssbd mba sev ibpb stibp vmmcall fsgsbase bmi1 avx2 smep bmi2 cqm rdt_a rdseed adx smap clflushopt clwb sha_ni xsaveopt xsavec xgetbv1 xsaves cqm_llc cqm_occup_llc cqm_mbm_total cqm_mbm_local clzero irperf xsaveerptr wbnoinvd arat npt lbrv svm_lock nrip_save tsc_scale vmcb_clean flushbyasid decodeassists pausefilter pfthreshold avic v_vmsave_vmload vgif umip rdpid overflow_recov succor smca

Online cpus: 0-23
Offline cpus: 24-31
cache level: 1
cache type: Data
cache size: 32K
cache coherency line size: 64
cache level: 1
cache type: Instruction
cache size: 32K
cache coherency line size: 64
cache level: 2
cache type: Unified
cache size: 512K
cache coherency line size: 64
cache level: 3
cache type: Unified
cache size: 16384K
cache coherency line size: 64
BIOS frequency limitation: 3800000
Frequency switch latency (ns): 0
Available cpu frequencies: 3800000 2800000 2200000 
Maximum cpu frequency: 3800000
Minimum cpu frequency: 2200000
Current cpu frequency: 2129830
Available governors: conservative ondemand userspace powersave performance schedutil 
Current governor: ondemand
Core performance/turbo boost: 1

Memory: 4k page, physical 32860560k(2629600k free), swap 4193784k(4193784k free)

vm_info: OpenJDK 64-Bit Server VM (fastdebug 16-internal+0-adhoc.wax.jdk) for linux-amd64 JRE (16-internal+0-adhoc.wax.jdk), built on Jun 30 2020 13:39:44 by "wax" with gcc 9.3.0

END.
